<?xml version="1.0" encoding="UTF-8"?>
<testsuite name="Ingresar a la pagina de metis y verificar el funcionamiento del login" tests="1" skipped="0" failures="0" errors="0" timestamp="2022-01-13T04:40:01" hostname="DESKTOP-4KQU761" time="12.617">
  <properties/>
  <testcase name="Ingersar a la app de metis exitosamente" classname="Ingresar a la pagina de metis y verificar el funcionamiento del login" time="12.617"/>
  <system-out><![CDATA[]]></system-out>
  <system-err><![CDATA[ene 12, 2022 11:40:02 PM org.openqa.selenium.remote.DesiredCapabilities chrome
INFORMACIÓN: Using `new ChromeOptions()` is preferred to `DesiredCapabilities.chrome()`
Starting ChromeDriver 97.0.4692.71 (adefa7837d02a07a604c1e6eff0b3a09422ab88d-refs/branch-heads/4692@{#1247}) on port 36037
Only local connections are allowed.
Please see https://chromedriver.chromium.org/security-considerations for suggestions on keeping ChromeDriver safe.
ChromeDriver was started successfully.
ene 12, 2022 11:40:06 PM org.openqa.selenium.remote.ProtocolHandshake createSession
INFORMACIÓN: Detected dialect: W3C
[Test worker] INFO net.serenitybdd.core.Serenity - 
        __    _____ _____ ____ _____   ____   _    ____  ____  _____ ____  
  _     \ \  |_   _| ____/ ___|_   _| |  _ \ / \  / ___|/ ___|| ____|  _ \ 
 (_)_____| |   | | |  _| \___ \ | |   | |_) / _ \ \___ \\___ \|  _| | | | |
  _|_____| |   | | | |___ ___) || |   |  __/ ___ \ ___) |___) | |___| |_| |
 (_)     | |   |_| |_____|____/ |_|   |_| /_/   \_\____/|____/|_____|____/ 
        /_/                                                                

TEST PASSED: Ingersar a la app de metis exitosamente
----------------------------------------------------------------------------
]]></system-err>
</testsuite>
